<?xml version="1.0" encoding="UTF-8"?>
<testsuite xmlns:xsi="http://www.w3.org/2001/XMLSchema-instance" xsi:noNamespaceSchemaLocation="https://maven.apache.org/surefire/maven-surefire-plugin/xsd/surefire-test-report-3.0.xsd" version="3.0" name="cz.cvut.pgr2.lsystem.engine.LSystemEngineTest" time="0.006" tests="7" errors="0" skipped="0" failures="0">
  <properties>
[...]
</properties>
  <testcase name="sierpinski_depth1" classname="cz.cvut.pgr2.lsystem.engine.LSystemEngineTest" time="0.0"/>
  <testcase name="sierpinski_depth2" classname="cz.cvut.pgr2.lsystem.engine.LSystemEngineTest" time="0.0"/>
  <testcase name="identity_noRules_axiomUnchanged" classname="cz.cvut.pgr2.lsystem.engine.LSystemEngineTest" time="0.001"/>
  <testcase name="kochSnowflake_depth1" classname="cz.cvut.pgr2.lsystem.engine.LSystemEngineTest" time="0.0"/>
  <testcase name="singleRule_depth1" classname="cz.cvut.pgr2.lsystem.engine.LSystemEngineTest" time="0.0"/>
  <testcase name="singleRule_depth2" classname="cz.cvut.pgr2.lsystem.engine.LSystemEngineTest" time="0.0"/>
  <testcase name="dragonCurve_depth1" classname="cz.cvut.pgr2.lsystem.engine.LSystemEngineTest" time="0.001"/>
</testsuite>